<?xml version="1.0" encoding="UTF-8"?>
<!-- Generated by org.testng.reporters.JUnitXMLReporter -->
<testsuite hostname="Srinivas" name="BankingApp Test" tests="5" failures="2" timestamp="14 Sep 2021 07:25:25 GMT" time="66.182" errors="0">
  <testcase name="loginTest" time="16.201" classname="com.enetBanking.testCases.TC_loginDDT_002"/>
  <testcase name="loginTest" time="5.143" classname="com.enetBanking.testCases.TC_loginDDT_002">
    <failure type="java.lang.AssertionError" message="expected [true] but found [false]">
      <![CDATA[java.lang.AssertionError: expected [true] but found [false]
	at com.enetBanking.testCases.TC_loginDDT_002.loginTest(TC_loginDDT_002.java:37)
... Removed 28 stack frames]]>
    </failure>
  </testcase> <!-- loginTest -->
  <testcase name="loginTest" time="16.056" classname="com.enetBanking.testCases.TC_loginDDT_002"/>
  <testcase name="loginTest" time="5.088" classname="com.enetBanking.testCases.TC_loginDDT_002">
    <failure type="java.lang.AssertionError" message="expected [true] but found [false]">
      <![CDATA[java.lang.AssertionError: expected [true] but found [false]
	at com.enetBanking.testCases.TC_loginDDT_002.loginTest(TC_loginDDT_002.java:37)
... Removed 28 stack frames]]>
    </failure>
  </testcase> <!-- loginTest -->
  <testcase name="loginTest" time="16.374" classname="com.enetBanking.testCases.TC_loginDDT_002"/>
</testsuite> <!-- BankingApp Test -->
